<?xml version="1.0" encoding="UTF-8"?>
<!-- Generated by org.testng.reporters.JUnitReportReporter -->
<testsuite hostname="DESKTOP-LLLGMOJ" failures="0" tests="1" name="api.testcases.FakerClassTest" time="0.655" errors="0" timestamp="2025-04-06T15:07:32 IST" skipped="0">
  <testcase classname="api.testcases.FakerClassTest" name="testFaker" time="0.655"/>
</testsuite> <!-- api.testcases.FakerClassTest -->
