<?xml version="1.0" encoding="UTF-8"?>
<!-- Generated by org.testng.reporters.JUnitReportReporter -->
<testsuite hostname="DESKTOP-LLLGMOJ" failures="0" tests="1" name="day2.apiautomation.Example2" time="3.746" errors="0" timestamp="2025-03-30T16:38:04 IST" skipped="0">
  <testcase classname="day2.apiautomation.Example2" name="tc7_deleteUser" time="3.746"/>
</testsuite> <!-- day2.apiautomation.Example2 -->
