<?xml version="1.0" encoding="UTF-8"?>
<!-- Generated by org.testng.reporters.JUnitReportReporter -->
<testsuite hostname="DESKTOP-LLLGMOJ" failures="0" tests="1" name="day2.apiautomation.Example1" time="3.837" errors="0" timestamp="2025-03-30T16:28:55 IST" skipped="0">
  <testcase classname="day2.apiautomation.Example1" name="tc3_CreateUser" time="3.837"/>
</testsuite> <!-- day2.apiautomation.Example1 -->
