<?xml version="1.0" encoding="UTF-8"?>
<!-- Generated by org.testng.reporters.JUnitReportReporter -->
<testsuite hostname="DESKTOP-LLLGMOJ" failures="0" tests="1" name="day1.jsonpractice.Example1" time="0.039" errors="0" timestamp="2025-03-29T20:00:51 IST" skipped="0">
  <testcase classname="day1.jsonpractice.Example1" name="convertingJSONStringIntoJSONObject" time="0.039"/>
</testsuite> <!-- day1.jsonpractice.Example1 -->
