<?xml version="1.0" encoding="UTF-8"?>
<!-- Generated by org.testng.reporters.JUnitReportReporter -->
<testsuite hostname="DESKTOP-LLLGMOJ" failures="0" tests="1" name="day2.serializationPojo.Example2" time="0.015" errors="0" timestamp="2025-03-30T15:58:02 IST" skipped="0">
  <testcase classname="day2.serializationPojo.Example2" name="testPojo" time="0.015"/>
</testsuite> <!-- day2.serializationPojo.Example2 -->
