<?xml version="1.0" encoding="UTF-8"?>
<!-- Generated by org.testng.reporters.JUnitReportReporter -->
<testsuite hostname="DESKTOP-LLLGMOJ" failures="0" tests="1" name="day2.serializationPojo.Example1" time="0.041" errors="0" timestamp="2025-03-30T15:45:14 IST" skipped="0">
  <testcase classname="day2.serializationPojo.Example1" name="testDeSerialization" time="0.041"/>
</testsuite> <!-- day2.serializationPojo.Example1 -->
