<?xml version="1.0" encoding="UTF-8"?>
<!-- Generated by org.testng.reporters.JUnitReportReporter -->
<testsuite hostname="DESKTOP-LLLGMOJ" failures="0" tests="1" name="day1.jsonpractice.Example2" time="0.015" errors="0" timestamp="2025-03-29T20:11:23 IST" skipped="0">
  <testcase classname="day1.jsonpractice.Example2" name="sampleJsonArray2" time="0.015"/>
</testsuite> <!-- day1.jsonpractice.Example2 -->
