<?xml version="1.0" encoding="UTF-8"?>
<!-- Generated by org.testng.reporters.JUnitReportReporter -->
<testsuite hostname="DESKTOP-LLLGMOJ" failures="0" tests="1" name="day1.jsonpractice.JSONFileops" time="0.017" errors="0" timestamp="2025-03-29T20:27:54 IST" skipped="0">
  <testcase classname="day1.jsonpractice.JSONFileops" name="readJSONContentFromFile" time="0.017"/>
</testsuite> <!-- day1.jsonpractice.JSONFileops -->
